2018-07-18 16:45:50.674  INFO 4748 --- [main] c.lance.eurekaConsumer.DemoApplication   : No active profile set, falling back to default profiles: default
2018-07-18 16:45:50.696  INFO 4748 --- [main] ationConfigEmbeddedWebApplicationContext : Refreshing org.springframework.boot.context.embedded.AnnotationConfigEmbeddedWebApplicationContext@71329995: startup date [Wed Jul 18 16:45:50 CST 2018]; parent: org.springframework.context.annotation.AnnotationConfigApplicationContext@6b4a4e18
2018-07-18 16:45:51.899  INFO 4748 --- [main] o.s.cloud.context.scope.GenericScope     : BeanFactory id=914f8502-8ffb-3bd0-ae2a-31debd300399
2018-07-18 16:45:51.926  INFO 4748 --- [main] f.a.AutowiredAnnotationBeanPostProcessor : JSR-330 'javax.inject.Inject' annotation found and supported for autowiring
2018-07-18 16:45:52.022  INFO 4748 --- [main] trationDelegate$BeanPostProcessorChecker : Bean 'org.springframework.cloud.netflix.metrics.MetricsInterceptorConfiguration$MetricsRestTemplateConfiguration' of type [org.springframework.cloud.netflix.metrics.MetricsInterceptorConfiguration$MetricsRestTemplateConfiguration$$EnhancerBySpringCGLIB$$8a90e19] is not eligible for getting processed by all BeanPostProcessors (for example: not eligible for auto-proxying)
2018-07-18 16:45:52.039  INFO 4748 --- [main] trationDelegate$BeanPostProcessorChecker : Bean 'org.springframework.cloud.autoconfigure.ConfigurationPropertiesRebinderAutoConfiguration' of type [org.springframework.cloud.autoconfigure.ConfigurationPropertiesRebinderAutoConfiguration$$EnhancerBySpringCGLIB$$f2966ad5] is not eligible for getting processed by all BeanPostProcessors (for example: not eligible for auto-proxying)
2018-07-18 16:45:52.780  INFO 4748 --- [main] s.b.c.e.t.TomcatEmbeddedServletContainer : Tomcat initialized with port(s): 2101 (http)
2018-07-18 16:45:52.793  INFO 4748 --- [main] o.apache.catalina.core.StandardService   : Starting service [Tomcat]
2018-07-18 16:45:52.794  INFO 4748 --- [main] org.apache.catalina.core.StandardEngine  : Starting Servlet Engine: Apache Tomcat/8.5.15
2018-07-18 16:45:52.988  INFO 4748 --- [localhost-startStop-1] o.a.c.c.C.[Tomcat].[localhost].[/]       : Initializing Spring embedded WebApplicationContext
2018-07-18 16:45:52.989  INFO 4748 --- [localhost-startStop-1] o.s.web.context.ContextLoader            : Root WebApplicationContext: initialization completed in 2293 ms
2018-07-18 16:45:53.374  INFO 4748 --- [localhost-startStop-1] o.s.b.w.servlet.ServletRegistrationBean  : Mapping servlet: 'dispatcherServlet' to [/]
2018-07-18 16:45:53.382  INFO 4748 --- [localhost-startStop-1] o.s.b.w.servlet.FilterRegistrationBean   : Mapping filter: 'metricsFilter' to: [/*]
2018-07-18 16:45:53.383  INFO 4748 --- [localhost-startStop-1] o.s.b.w.servlet.FilterRegistrationBean   : Mapping filter: 'characterEncodingFilter' to: [/*]
2018-07-18 16:45:53.383  INFO 4748 --- [localhost-startStop-1] o.s.b.w.servlet.FilterRegistrationBean   : Mapping filter: 'hiddenHttpMethodFilter' to: [/*]
2018-07-18 16:45:53.383  INFO 4748 --- [localhost-startStop-1] o.s.b.w.servlet.FilterRegistrationBean   : Mapping filter: 'httpPutFormContentFilter' to: [/*]
2018-07-18 16:45:53.385  INFO 4748 --- [localhost-startStop-1] o.s.b.w.servlet.FilterRegistrationBean   : Mapping filter: 'requestContextFilter' to: [/*]
2018-07-18 16:45:53.386  INFO 4748 --- [localhost-startStop-1] o.s.b.w.servlet.FilterRegistrationBean   : Mapping filter: 'webRequestLoggingFilter' to: [/*]
2018-07-18 16:45:53.386  INFO 4748 --- [localhost-startStop-1] o.s.b.w.servlet.FilterRegistrationBean   : Mapping filter: 'applicationContextIdFilter' to: [/*]
2018-07-18 16:45:55.173  INFO 4748 --- [main] o.s.cloud.commons.util.InetUtils         : Cannot determine local hostname
2018-07-18 16:45:55.603  INFO 4748 --- [main] s.w.s.m.m.a.RequestMappingHandlerAdapter : Looking for @ControllerAdvice: org.springframework.boot.context.embedded.AnnotationConfigEmbeddedWebApplicationContext@71329995: startup date [Wed Jul 18 16:45:50 CST 2018]; parent: org.springframework.context.annotation.AnnotationConfigApplicationContext@6b4a4e18
2018-07-18 16:45:55.685  INFO 4748 --- [main] s.w.s.m.m.a.RequestMappingHandlerMapping : Mapped "{[/consumer],methods=[GET]}" onto public java.lang.String com.lance.eurekaConsumer.Controller.DcController.dc()
2018-07-18 16:45:55.690  INFO 4748 --- [main] s.w.s.m.m.a.RequestMappingHandlerMapping : Mapped "{[/error]}" onto public org.springframework.http.ResponseEntity<java.util.Map<java.lang.String, java.lang.Object>> org.springframework.boot.autoconfigure.web.BasicErrorController.error(javax.servlet.http.HttpServletRequest)
2018-07-18 16:45:55.690  INFO 4748 --- [main] s.w.s.m.m.a.RequestMappingHandlerMapping : Mapped "{[/error],produces=[text/html]}" onto public org.springframework.web.servlet.ModelAndView org.springframework.boot.autoconfigure.web.BasicErrorController.errorHtml(javax.servlet.http.HttpServletRequest,javax.servlet.http.HttpServletResponse)
2018-07-18 16:45:55.731  INFO 4748 --- [main] o.s.w.s.handler.SimpleUrlHandlerMapping  : Mapped URL path [/webjars/**] onto handler of type [class org.springframework.web.servlet.resource.ResourceHttpRequestHandler]
2018-07-18 16:45:55.732  INFO 4748 --- [main] o.s.w.s.handler.SimpleUrlHandlerMapping  : Mapped URL path [/**] onto handler of type [class org.springframework.web.servlet.resource.ResourceHttpRequestHandler]
2018-07-18 16:45:55.774  INFO 4748 --- [main] o.s.w.s.handler.SimpleUrlHandlerMapping  : Mapped URL path [/**/favicon.ico] onto handler of type [class org.springframework.web.servlet.resource.ResourceHttpRequestHandler]
2018-07-18 16:45:56.359  INFO 4748 --- [main] o.s.b.a.e.mvc.EndpointHandlerMapping     : Mapped "{[/mappings || /mappings.json],methods=[GET],produces=[application/vnd.spring-boot.actuator.v1+json || application/json]}" onto public java.lang.Object org.springframework.boot.actuate.endpoint.mvc.EndpointMvcAdapter.invoke()
2018-07-18 16:45:56.360  INFO 4748 --- [main] o.s.b.a.e.mvc.EndpointHandlerMapping     : Mapped "{[/beans || /beans.json],methods=[GET],produces=[application/vnd.spring-boot.actuator.v1+json || application/json]}" onto public java.lang.Object org.springframework.boot.actuate.endpoint.mvc.EndpointMvcAdapter.invoke()
2018-07-18 16:45:56.361  INFO 4748 --- [main] o.s.b.a.e.mvc.EndpointHandlerMapping     : Mapped "{[/info || /info.json],methods=[GET],produces=[application/vnd.spring-boot.actuator.v1+json || application/json]}" onto public java.lang.Object org.springframework.boot.actuate.endpoint.mvc.EndpointMvcAdapter.invoke()
2018-07-18 16:45:56.362  INFO 4748 --- [main] o.s.b.a.e.mvc.EndpointHandlerMapping     : Mapped "{[/restart || /restart.json],methods=[POST]}" onto public java.lang.Object org.springframework.cloud.context.restart.RestartMvcEndpoint.invoke()
2018-07-18 16:45:56.363  INFO 4748 --- [main] o.s.b.a.e.mvc.EndpointHandlerMapping     : Mapped "{[/logfile || /logfile.json],methods=[GET || HEAD]}" onto public void org.springframework.boot.actuate.endpoint.mvc.LogFileMvcEndpoint.invoke(javax.servlet.http.HttpServletRequest,javax.servlet.http.HttpServletResponse) throws javax.servlet.ServletException,java.io.IOException
2018-07-18 16:45:56.364  INFO 4748 --- [main] o.s.b.a.e.mvc.EndpointHandlerMapping     : Mapped "{[/env],methods=[POST]}" onto public java.lang.Object org.springframework.cloud.context.environment.EnvironmentManagerMvcEndpoint.value(java.util.Map<java.lang.String, java.lang.String>)
2018-07-18 16:45:56.365  INFO 4748 --- [main] o.s.b.a.e.mvc.EndpointHandlerMapping     : Mapped "{[/env/reset],methods=[POST]}" onto public java.util.Map<java.lang.String, java.lang.Object> org.springframework.cloud.context.environment.EnvironmentManagerMvcEndpoint.reset()
2018-07-18 16:45:56.366  INFO 4748 --- [main] o.s.b.a.e.mvc.EndpointHandlerMapping     : Mapped "{[/pause || /pause.json],methods=[POST]}" onto public java.lang.Object org.springframework.cloud.endpoint.GenericPostableMvcEndpoint.invoke()
2018-07-18 16:45:56.373  INFO 4748 --- [main] o.s.b.a.e.mvc.EndpointHandlerMapping     : Mapped "{[/loggers/{name:.*}],methods=[GET],produces=[application/vnd.spring-boot.actuator.v1+json || application/json]}" onto public java.lang.Object org.springframework.boot.actuate.endpoint.mvc.LoggersMvcEndpoint.get(java.lang.String)
2018-07-18 16:45:56.374  INFO 4748 --- [main] o.s.b.a.e.mvc.EndpointHandlerMapping     : Mapped "{[/loggers/{name:.*}],methods=[POST],consumes=[application/vnd.spring-boot.actuator.v1+json || application/json],produces=[application/vnd.spring-boot.actuator.v1+json || application/json]}" onto public java.lang.Object org.springframework.boot.actuate.endpoint.mvc.LoggersMvcEndpoint.set(java.lang.String,java.util.Map<java.lang.String, java.lang.String>)
2018-07-18 16:45:56.374  INFO 4748 --- [main] o.s.b.a.e.mvc.EndpointHandlerMapping     : Mapped "{[/loggers || /loggers.json],methods=[GET],produces=[application/vnd.spring-boot.actuator.v1+json || application/json]}" onto public java.lang.Object org.springframework.boot.actuate.endpoint.mvc.EndpointMvcAdapter.invoke()
2018-07-18 16:45:56.375  INFO 4748 --- [main] o.s.b.a.e.mvc.EndpointHandlerMapping     : Mapped "{[/dump || /dump.json],methods=[GET],produces=[application/vnd.spring-boot.actuator.v1+json || application/json]}" onto public java.lang.Object org.springframework.boot.actuate.endpoint.mvc.EndpointMvcAdapter.invoke()
2018-07-18 16:45:56.376  INFO 4748 --- [main] o.s.b.a.e.mvc.EndpointHandlerMapping     : Mapped "{[/metrics/{name:.*}],methods=[GET],produces=[application/vnd.spring-boot.actuator.v1+json || application/json]}" onto public java.lang.Object org.springframework.boot.actuate.endpoint.mvc.MetricsMvcEndpoint.value(java.lang.String)
2018-07-18 16:45:56.376  INFO 4748 --- [main] o.s.b.a.e.mvc.EndpointHandlerMapping     : Mapped "{[/metrics || /metrics.json],methods=[GET],produces=[application/vnd.spring-boot.actuator.v1+json || application/json]}" onto public java.lang.Object org.springframework.boot.actuate.endpoint.mvc.EndpointMvcAdapter.invoke()
2018-07-18 16:45:56.377  INFO 4748 --- [main] o.s.b.a.e.mvc.EndpointHandlerMapping     : Mapped "{[/configprops || /configprops.json],methods=[GET],produces=[application/vnd.spring-boot.actuator.v1+json || application/json]}" onto public java.lang.Object org.springframework.boot.actuate.endpoint.mvc.EndpointMvcAdapter.invoke()
2018-07-18 16:45:56.378  INFO 4748 --- [main] o.s.b.a.e.mvc.EndpointHandlerMapping     : Mapped "{[/auditevents || /auditevents.json],methods=[GET],produces=[application/vnd.spring-boot.actuator.v1+json || application/json]}" onto public org.springframework.http.ResponseEntity<?> org.springframework.boot.actuate.endpoint.mvc.AuditEventsMvcEndpoint.findByPrincipalAndAfterAndType(java.lang.String,java.util.Date,java.lang.String)
2018-07-18 16:45:56.378  INFO 4748 --- [main] o.s.b.a.e.mvc.EndpointHandlerMapping     : Mapped "{[/service-registry/instance-status],methods=[GET]}" onto public org.springframework.http.ResponseEntity org.springframework.cloud.client.serviceregistry.endpoint.ServiceRegistryEndpoint.getStatus()
2018-07-18 16:45:56.379  INFO 4748 --- [main] o.s.b.a.e.mvc.EndpointHandlerMapping     : Mapped "{[/service-registry/instance-status],methods=[POST]}" onto public org.springframework.http.ResponseEntity<?> org.springframework.cloud.client.serviceregistry.endpoint.ServiceRegistryEndpoint.setStatus(java.lang.String)
2018-07-18 16:45:56.380  INFO 4748 --- [main] o.s.b.a.e.mvc.EndpointHandlerMapping     : Mapped "{[/heapdump || /heapdump.json],methods=[GET],produces=[application/octet-stream]}" onto public void org.springframework.boot.actuate.endpoint.mvc.HeapdumpMvcEndpoint.invoke(boolean,javax.servlet.http.HttpServletRequest,javax.servlet.http.HttpServletResponse) throws java.io.IOException,javax.servlet.ServletException
2018-07-18 16:45:56.381  INFO 4748 --- [main] o.s.b.a.e.mvc.EndpointHandlerMapping     : Mapped "{[/env/{name:.*}],methods=[GET],produces=[application/vnd.spring-boot.actuator.v1+json || application/json]}" onto public java.lang.Object org.springframework.boot.actuate.endpoint.mvc.EnvironmentMvcEndpoint.value(java.lang.String)
2018-07-18 16:45:56.381  INFO 4748 --- [main] o.s.b.a.e.mvc.EndpointHandlerMapping     : Mapped "{[/env || /env.json],methods=[GET],produces=[application/vnd.spring-boot.actuator.v1+json || application/json]}" onto public java.lang.Object org.springframework.boot.actuate.endpoint.mvc.EndpointMvcAdapter.invoke()
2018-07-18 16:45:56.382  INFO 4748 --- [main] o.s.b.a.e.mvc.EndpointHandlerMapping     : Mapped "{[/features || /features.json],methods=[GET],produces=[application/vnd.spring-boot.actuator.v1+json || application/json]}" onto public java.lang.Object org.springframework.boot.actuate.endpoint.mvc.EndpointMvcAdapter.invoke()
2018-07-18 16:45:56.382  INFO 4748 --- [main] o.s.b.a.e.mvc.EndpointHandlerMapping     : Mapped "{[/health || /health.json],methods=[GET],produces=[application/vnd.spring-boot.actuator.v1+json || application/json]}" onto public java.lang.Object org.springframework.boot.actuate.endpoint.mvc.HealthMvcEndpoint.invoke(javax.servlet.http.HttpServletRequest,java.security.Principal)
2018-07-18 16:45:56.384  INFO 4748 --- [main] o.s.b.a.e.mvc.EndpointHandlerMapping     : Mapped "{[/refresh || /refresh.json],methods=[POST]}" onto public java.lang.Object org.springframework.cloud.endpoint.GenericPostableMvcEndpoint.invoke()
2018-07-18 16:45:56.386  INFO 4748 --- [main] o.s.b.a.e.mvc.EndpointHandlerMapping     : Mapped "{[/archaius || /archaius.json],methods=[GET],produces=[application/vnd.spring-boot.actuator.v1+json || application/json]}" onto public java.lang.Object org.springframework.boot.actuate.endpoint.mvc.EndpointMvcAdapter.invoke()
2018-07-18 16:45:56.387  INFO 4748 --- [main] o.s.b.a.e.mvc.EndpointHandlerMapping     : Mapped "{[/autoconfig || /autoconfig.json],methods=[GET],produces=[application/vnd.spring-boot.actuator.v1+json || application/json]}" onto public java.lang.Object org.springframework.boot.actuate.endpoint.mvc.EndpointMvcAdapter.invoke()
2018-07-18 16:45:56.388  INFO 4748 --- [main] o.s.b.a.e.mvc.EndpointHandlerMapping     : Mapped "{[/resume || /resume.json],methods=[POST]}" onto public java.lang.Object org.springframework.cloud.endpoint.GenericPostableMvcEndpoint.invoke()
2018-07-18 16:45:56.389  INFO 4748 --- [main] o.s.b.a.e.mvc.EndpointHandlerMapping     : Mapped "{[/trace || /trace.json],methods=[GET],produces=[application/vnd.spring-boot.actuator.v1+json || application/json]}" onto public java.lang.Object org.springframework.boot.actuate.endpoint.mvc.EndpointMvcAdapter.invoke()
2018-07-18 16:45:56.509  WARN 4748 --- [main] c.n.c.sources.URLConfigurationSource     : No URLs will be polled as dynamic configuration sources.
2018-07-18 16:45:56.509  INFO 4748 --- [main] c.n.c.sources.URLConfigurationSource     : To enable URLs as dynamic configuration sources, define System property archaius.configurationSource.additionalUrls or make config.properties available on classpath.
2018-07-18 16:45:56.513  WARN 4748 --- [main] c.n.c.sources.URLConfigurationSource     : No URLs will be polled as dynamic configuration sources.
2018-07-18 16:45:56.514  INFO 4748 --- [main] c.n.c.sources.URLConfigurationSource     : To enable URLs as dynamic configuration sources, define System property archaius.configurationSource.additionalUrls or make config.properties available on classpath.
2018-07-18 16:45:56.593  INFO 4748 --- [main] o.s.j.e.a.AnnotationMBeanExporter        : Registering beans for JMX exposure on startup
2018-07-18 16:45:56.605  INFO 4748 --- [main] o.s.j.e.a.AnnotationMBeanExporter        : Bean with name 'environmentManager' has been autodetected for JMX exposure
2018-07-18 16:45:56.607  INFO 4748 --- [main] o.s.j.e.a.AnnotationMBeanExporter        : Bean with name 'configurationPropertiesRebinder' has been autodetected for JMX exposure
2018-07-18 16:45:56.608  INFO 4748 --- [main] o.s.j.e.a.AnnotationMBeanExporter        : Bean with name 'refreshEndpoint' has been autodetected for JMX exposure
2018-07-18 16:45:56.610  INFO 4748 --- [main] o.s.j.e.a.AnnotationMBeanExporter        : Bean with name 'restartEndpoint' has been autodetected for JMX exposure
2018-07-18 16:45:56.611  INFO 4748 --- [main] o.s.j.e.a.AnnotationMBeanExporter        : Bean with name 'serviceRegistryEndpoint' has been autodetected for JMX exposure
2018-07-18 16:45:56.612  INFO 4748 --- [main] o.s.j.e.a.AnnotationMBeanExporter        : Bean with name 'refreshScope' has been autodetected for JMX exposure
2018-07-18 16:45:56.615  INFO 4748 --- [main] o.s.j.e.a.AnnotationMBeanExporter        : Located managed bean 'environmentManager': registering with JMX server as MBean [org.springframework.cloud.context.environment:name=environmentManager,type=EnvironmentManager]
2018-07-18 16:45:56.632  INFO 4748 --- [main] o.s.j.e.a.AnnotationMBeanExporter        : Located managed bean 'restartEndpoint': registering with JMX server as MBean [org.springframework.cloud.context.restart:name=restartEndpoint,type=RestartEndpoint]
2018-07-18 16:45:56.647  INFO 4748 --- [main] o.s.j.e.a.AnnotationMBeanExporter        : Located managed bean 'serviceRegistryEndpoint': registering with JMX server as MBean [org.springframework.cloud.client.serviceregistry.endpoint:name=serviceRegistryEndpoint,type=ServiceRegistryEndpoint]
2018-07-18 16:45:56.658  INFO 4748 --- [main] o.s.j.e.a.AnnotationMBeanExporter        : Located managed bean 'refreshScope': registering with JMX server as MBean [org.springframework.cloud.context.scope.refresh:name=refreshScope,type=RefreshScope]
2018-07-18 16:45:56.671  INFO 4748 --- [main] o.s.j.e.a.AnnotationMBeanExporter        : Located managed bean 'configurationPropertiesRebinder': registering with JMX server as MBean [org.springframework.cloud.context.properties:name=configurationPropertiesRebinder,context=71329995,type=ConfigurationPropertiesRebinder]
2018-07-18 16:45:56.676  INFO 4748 --- [main] o.s.j.e.a.AnnotationMBeanExporter        : Located managed bean 'refreshEndpoint': registering with JMX server as MBean [org.springframework.cloud.endpoint:name=refreshEndpoint,type=RefreshEndpoint]
2018-07-18 16:45:56.858  INFO 4748 --- [main] o.s.c.support.DefaultLifecycleProcessor  : Starting beans in phase 0
2018-07-18 16:45:56.867  INFO 4748 --- [main] o.s.c.n.eureka.InstanceInfoFactory       : Setting initial instance status as: STARTING
2018-07-18 16:45:56.909  INFO 4748 --- [main] com.netflix.discovery.DiscoveryClient    : Initializing Eureka in region us-east-1
2018-07-18 16:45:57.385  INFO 4748 --- [main] c.n.d.provider.DiscoveryJerseyProvider   : Using JSON encoding codec LegacyJacksonJson
2018-07-18 16:45:57.386  INFO 4748 --- [main] c.n.d.provider.DiscoveryJerseyProvider   : Using JSON decoding codec LegacyJacksonJson
2018-07-18 16:45:57.496  INFO 4748 --- [main] c.n.d.provider.DiscoveryJerseyProvider   : Using XML encoding codec XStreamXml
2018-07-18 16:45:57.496  INFO 4748 --- [main] c.n.d.provider.DiscoveryJerseyProvider   : Using XML decoding codec XStreamXml
2018-07-18 16:45:57.819  INFO 4748 --- [main] c.n.d.s.r.aws.ConfigClusterResolver      : Resolving eureka endpoints via configuration
2018-07-18 16:45:58.066  INFO 4748 --- [main] com.netflix.discovery.DiscoveryClient    : Disable delta property : false
2018-07-18 16:45:58.066  INFO 4748 --- [main] com.netflix.discovery.DiscoveryClient    : Single vip registry refresh property : null
2018-07-18 16:45:58.066  INFO 4748 --- [main] com.netflix.discovery.DiscoveryClient    : Force full registry fetch : false
2018-07-18 16:45:58.066  INFO 4748 --- [main] com.netflix.discovery.DiscoveryClient    : Application is null : false
2018-07-18 16:45:58.066  INFO 4748 --- [main] com.netflix.discovery.DiscoveryClient    : Registered Applications size is zero : true
2018-07-18 16:45:58.067  INFO 4748 --- [main] com.netflix.discovery.DiscoveryClient    : Application version is -1: true
2018-07-18 16:45:58.067  INFO 4748 --- [main] com.netflix.discovery.DiscoveryClient    : Getting all instance registry info from the eureka server
2018-07-18 16:45:58.278  INFO 4748 --- [main] com.netflix.discovery.DiscoveryClient    : The response status is 200
2018-07-18 16:45:58.281  INFO 4748 --- [main] com.netflix.discovery.DiscoveryClient    : Starting heartbeat executor: renew interval is: 30
2018-07-18 16:45:58.283  INFO 4748 --- [main] c.n.discovery.InstanceInfoReplicator     : InstanceInfoReplicator onDemand update allowed rate per min is 4
2018-07-18 16:45:58.291  INFO 4748 --- [main] com.netflix.discovery.DiscoveryClient    : Discovery Client initialized at timestamp 1531903558290 with initial instances count: 1
2018-07-18 16:45:58.315  INFO 4748 --- [main] o.s.c.n.e.s.EurekaServiceRegistry        : Registering application eureka-consumer with eureka with status UP
2018-07-18 16:45:58.316  INFO 4748 --- [main] com.netflix.discovery.DiscoveryClient    : Saw local status change event StatusChangeEvent [timestamp=1531903558316, current=UP, previous=STARTING]
2018-07-18 16:45:58.318  INFO 4748 --- [DiscoveryClient-InstanceInfoReplicator-0] com.netflix.discovery.DiscoveryClient    : DiscoveryClient_EUREKA-CONSUMER/localhost:eureka-consumer:2101: registering service...
2018-07-18 16:45:58.384  INFO 4748 --- [DiscoveryClient-InstanceInfoReplicator-0] com.netflix.discovery.DiscoveryClient    : DiscoveryClient_EUREKA-CONSUMER/localhost:eureka-consumer:2101 - registration status: 204
2018-07-18 16:45:58.491  INFO 4748 --- [main] s.b.c.e.t.TomcatEmbeddedServletContainer : Tomcat started on port(s): 2101 (http)
2018-07-18 16:45:58.493  INFO 4748 --- [main] .s.c.n.e.s.EurekaAutoServiceRegistration : Updating port to 2101
2018-07-18 16:45:58.500  INFO 4748 --- [main] c.lance.eurekaConsumer.DemoApplication   : Started DemoApplication in 12.911 seconds (JVM running for 13.865)
2018-07-18 16:46:20.468  INFO 4748 --- [http-nio-2101-exec-1] o.a.c.c.C.[Tomcat].[localhost].[/]       : Initializing Spring FrameworkServlet 'dispatcherServlet'
2018-07-18 16:46:20.468  INFO 4748 --- [http-nio-2101-exec-1] o.s.web.servlet.DispatcherServlet        : FrameworkServlet 'dispatcherServlet': initialization started
2018-07-18 16:46:20.500  INFO 4748 --- [http-nio-2101-exec-1] o.s.web.servlet.DispatcherServlet        : FrameworkServlet 'dispatcherServlet': initialization completed in 31 ms
2018-07-18 16:46:46.172  INFO 4748 --- [http-nio-2101-exec-9] s.c.a.AnnotationConfigApplicationContext : Refreshing org.springframework.context.annotation.AnnotationConfigApplicationContext@4acf1abd: startup date [Wed Jul 18 16:46:46 CST 2018]; parent: org.springframework.boot.context.embedded.AnnotationConfigEmbeddedWebApplicationContext@71329995
2018-07-18 16:46:46.230  INFO 4748 --- [http-nio-2101-exec-9] f.a.AutowiredAnnotationBeanPostProcessor : JSR-330 'javax.inject.Inject' annotation found and supported for autowiring
2018-07-18 16:46:46.401  INFO 4748 --- [http-nio-2101-exec-9] c.netflix.config.ChainedDynamicProperty  : Flipping property: eureka-client.ribbon.ActiveConnectionsLimit to use NEXT property: niws.loadbalancer.availabilityFilteringRule.activeConnectionsLimit = 2147483647
2018-07-18 16:46:46.419  INFO 4748 --- [http-nio-2101-exec-9] c.n.u.concurrent.ShutdownEnabledTimer    : Shutdown hook installed for: NFLoadBalancer-PingTimer-eureka-client
2018-07-18 16:46:46.438  INFO 4748 --- [http-nio-2101-exec-9] c.netflix.loadbalancer.BaseLoadBalancer  : Client: eureka-client instantiated a LoadBalancer: DynamicServerListLoadBalancer:{NFLoadBalancer:name=eureka-client,current list of Servers=[],Load balancer stats=Zone stats: {},Server stats: []}ServerList:null
2018-07-18 16:46:46.444  INFO 4748 --- [http-nio-2101-exec-9] c.n.l.DynamicServerListLoadBalancer      : Using serverListUpdater PollingServerListUpdater
2018-07-18 16:46:46.467  INFO 4748 --- [http-nio-2101-exec-9] c.netflix.config.ChainedDynamicProperty  : Flipping property: eureka-client.ribbon.ActiveConnectionsLimit to use NEXT property: niws.loadbalancer.availabilityFilteringRule.activeConnectionsLimit = 2147483647
2018-07-18 16:46:46.469  INFO 4748 --- [http-nio-2101-exec-9] c.n.l.DynamicServerListLoadBalancer      : DynamicServerListLoadBalancer for client eureka-client initialized: DynamicServerListLoadBalancer:{NFLoadBalancer:name=eureka-client,current list of Servers=[localhost:2001],Load balancer stats=Zone stats: {defaultzone=[Zone:defaultzone;	Instance count:1;	Active connections count: 0;	Circuit breaker tripped count: 0;	Active connections per server: 0.0;]
},Server stats: [[Server:localhost:2001;	Zone:defaultZone;	Total Requests:0;	Successive connection failure:0;	Total blackout seconds:0;	Last connection made:Thu Jan 01 08:00:00 CST 1970;	First connection made: Thu Jan 01 08:00:00 CST 1970;	Active Connections:0;	total failure count in last (1000) msecs:0;	average resp time:0.0;	90 percentile resp time:0.0;	95 percentile resp time:0.0;	min resp time:0.0;	max resp time:0.0;	stddev resp time:0.0]
]}ServerList:org.springframework.cloud.netflix.ribbon.eureka.DomainExtractingServerList@58d32726
2018-07-18 16:46:47.450  INFO 4748 --- [PollingServerListUpdater-0] c.netflix.config.ChainedDynamicProperty  : Flipping property: eureka-client.ribbon.ActiveConnectionsLimit to use NEXT property: niws.loadbalancer.availabilityFilteringRule.activeConnectionsLimit = 2147483647
2018-07-18 16:50:58.076  INFO 4748 --- [AsyncResolver-bootstrap-executor-0] c.n.d.s.r.aws.ConfigClusterResolver      : Resolving eureka endpoints via configuration
2018-07-18 16:55:58.080  INFO 4748 --- [AsyncResolver-bootstrap-executor-0] c.n.d.s.r.aws.ConfigClusterResolver      : Resolving eureka endpoints via configuration
2018-07-18 17:00:58.089  INFO 4748 --- [AsyncResolver-bootstrap-executor-0] c.n.d.s.r.aws.ConfigClusterResolver      : Resolving eureka endpoints via configuration
2018-07-18 17:21:26.828  INFO 4748 --- [AsyncResolver-bootstrap-executor-0] c.n.d.s.r.aws.ConfigClusterResolver      : Resolving eureka endpoints via configuration
2018-07-18 17:26:26.838  INFO 4748 --- [AsyncResolver-bootstrap-executor-0] c.n.d.s.r.aws.ConfigClusterResolver      : Resolving eureka endpoints via configuration
2018-07-18 17:31:26.846  INFO 4748 --- [AsyncResolver-bootstrap-executor-0] c.n.d.s.r.aws.ConfigClusterResolver      : Resolving eureka endpoints via configuration
2018-07-18 17:37:07.716  INFO 4748 --- [AsyncResolver-bootstrap-executor-0] c.n.d.s.r.aws.ConfigClusterResolver      : Resolving eureka endpoints via configuration
2018-07-19 16:24:29.527  INFO 12512 --- [main] c.lance.eurekaConsumer.DemoApplication   : No active profile set, falling back to default profiles: default
2018-07-19 16:24:29.551  INFO 12512 --- [main] ationConfigEmbeddedWebApplicationContext : Refreshing org.springframework.boot.context.embedded.AnnotationConfigEmbeddedWebApplicationContext@1115ec15: startup date [Thu Jul 19 16:24:29 CST 2018]; parent: org.springframework.context.annotation.AnnotationConfigApplicationContext@6293abcc
2018-07-19 16:24:30.592  INFO 12512 --- [main] o.s.cloud.context.scope.GenericScope     : BeanFactory id=d2737ef2-cc5c-350a-b1de-b3c0d972f013
2018-07-19 16:24:30.610  INFO 12512 --- [main] f.a.AutowiredAnnotationBeanPostProcessor : JSR-330 'javax.inject.Inject' annotation found and supported for autowiring
2018-07-19 16:24:30.636  INFO 12512 --- [main] trationDelegate$BeanPostProcessorChecker : Bean 'com.lance.eurekaConsumer.DcClient' of type [org.springframework.cloud.netflix.feign.FeignClientFactoryBean] is not eligible for getting processed by all BeanPostProcessors (for example: not eligible for auto-proxying)
2018-07-19 16:24:30.687  INFO 12512 --- [main] trationDelegate$BeanPostProcessorChecker : Bean 'org.springframework.cloud.netflix.metrics.MetricsInterceptorConfiguration$MetricsRestTemplateConfiguration' of type [org.springframework.cloud.netflix.metrics.MetricsInterceptorConfiguration$MetricsRestTemplateConfiguration$$EnhancerBySpringCGLIB$$cf8e9e39] is not eligible for getting processed by all BeanPostProcessors (for example: not eligible for auto-proxying)
2018-07-19 16:24:30.698  INFO 12512 --- [main] trationDelegate$BeanPostProcessorChecker : Bean 'org.springframework.cloud.autoconfigure.ConfigurationPropertiesRebinderAutoConfiguration' of type [org.springframework.cloud.autoconfigure.ConfigurationPropertiesRebinderAutoConfiguration$$EnhancerBySpringCGLIB$$b97bfaf5] is not eligible for getting processed by all BeanPostProcessors (for example: not eligible for auto-proxying)
2018-07-19 16:24:31.286  INFO 12512 --- [main] s.b.c.e.t.TomcatEmbeddedServletContainer : Tomcat initialized with port(s): 2101 (http)
2018-07-19 16:24:31.299  INFO 12512 --- [main] o.apache.catalina.core.StandardService   : Starting service [Tomcat]
2018-07-19 16:24:31.301  INFO 12512 --- [main] org.apache.catalina.core.StandardEngine  : Starting Servlet Engine: Apache Tomcat/8.5.15
2018-07-19 16:24:31.487  INFO 12512 --- [localhost-startStop-1] o.a.c.c.C.[Tomcat].[localhost].[/]       : Initializing Spring embedded WebApplicationContext
2018-07-19 16:24:31.488  INFO 12512 --- [localhost-startStop-1] o.s.web.context.ContextLoader            : Root WebApplicationContext: initialization completed in 1937 ms
2018-07-19 16:24:31.788  INFO 12512 --- [localhost-startStop-1] o.s.b.w.servlet.ServletRegistrationBean  : Mapping servlet: 'dispatcherServlet' to [/]
2018-07-19 16:24:31.793  INFO 12512 --- [localhost-startStop-1] o.s.b.w.servlet.FilterRegistrationBean   : Mapping filter: 'metricsFilter' to: [/*]
2018-07-19 16:24:31.794  INFO 12512 --- [localhost-startStop-1] o.s.b.w.servlet.FilterRegistrationBean   : Mapping filter: 'characterEncodingFilter' to: [/*]
2018-07-19 16:24:31.794  INFO 12512 --- [localhost-startStop-1] o.s.b.w.servlet.FilterRegistrationBean   : Mapping filter: 'hiddenHttpMethodFilter' to: [/*]
2018-07-19 16:24:31.794  INFO 12512 --- [localhost-startStop-1] o.s.b.w.servlet.FilterRegistrationBean   : Mapping filter: 'httpPutFormContentFilter' to: [/*]
2018-07-19 16:24:31.794  INFO 12512 --- [localhost-startStop-1] o.s.b.w.servlet.FilterRegistrationBean   : Mapping filter: 'requestContextFilter' to: [/*]
2018-07-19 16:24:31.794  INFO 12512 --- [localhost-startStop-1] o.s.b.w.servlet.FilterRegistrationBean   : Mapping filter: 'webRequestLoggingFilter' to: [/*]
2018-07-19 16:24:31.795  INFO 12512 --- [localhost-startStop-1] o.s.b.w.servlet.FilterRegistrationBean   : Mapping filter: 'applicationContextIdFilter' to: [/*]
2018-07-19 16:24:31.859  INFO 12512 --- [main] s.c.a.AnnotationConfigApplicationContext : Refreshing org.springframework.context.annotation.AnnotationConfigApplicationContext@1dbb650b: startup date [Thu Jul 19 16:24:31 CST 2018]; parent: org.springframework.boot.context.embedded.AnnotationConfigEmbeddedWebApplicationContext@1115ec15
2018-07-19 16:24:31.884  INFO 12512 --- [main] f.a.AutowiredAnnotationBeanPostProcessor : JSR-330 'javax.inject.Inject' annotation found and supported for autowiring
2018-07-19 16:24:33.799  INFO 12512 --- [main] o.s.cloud.commons.util.InetUtils         : Cannot determine local hostname
2018-07-19 16:24:34.136  INFO 12512 --- [main] s.w.s.m.m.a.RequestMappingHandlerAdapter : Looking for @ControllerAdvice: org.springframework.boot.context.embedded.AnnotationConfigEmbeddedWebApplicationContext@1115ec15: startup date [Thu Jul 19 16:24:29 CST 2018]; parent: org.springframework.context.annotation.AnnotationConfigApplicationContext@6293abcc
2018-07-19 16:24:34.217  INFO 12512 --- [main] s.w.s.m.m.a.RequestMappingHandlerMapping : Mapped "{[/consumer],methods=[GET]}" onto public java.lang.String com.lance.eurekaConsumer.Controller.DcController.dc()
2018-07-19 16:24:34.223  INFO 12512 --- [main] s.w.s.m.m.a.RequestMappingHandlerMapping : Mapped "{[/error]}" onto public org.springframework.http.ResponseEntity<java.util.Map<java.lang.String, java.lang.Object>> org.springframework.boot.autoconfigure.web.BasicErrorController.error(javax.servlet.http.HttpServletRequest)
2018-07-19 16:24:34.223  INFO 12512 --- [main] s.w.s.m.m.a.RequestMappingHandlerMapping : Mapped "{[/error],produces=[text/html]}" onto public org.springframework.web.servlet.ModelAndView org.springframework.boot.autoconfigure.web.BasicErrorController.errorHtml(javax.servlet.http.HttpServletRequest,javax.servlet.http.HttpServletResponse)
2018-07-19 16:24:34.265  INFO 12512 --- [main] o.s.w.s.handler.SimpleUrlHandlerMapping  : Mapped URL path [/webjars/**] onto handler of type [class org.springframework.web.servlet.resource.ResourceHttpRequestHandler]
2018-07-19 16:24:34.265  INFO 12512 --- [main] o.s.w.s.handler.SimpleUrlHandlerMapping  : Mapped URL path [/**] onto handler of type [class org.springframework.web.servlet.resource.ResourceHttpRequestHandler]
2018-07-19 16:24:34.311  INFO 12512 --- [main] o.s.w.s.handler.SimpleUrlHandlerMapping  : Mapped URL path [/**/favicon.ico] onto handler of type [class org.springframework.web.servlet.resource.ResourceHttpRequestHandler]
2018-07-19 16:24:34.948  INFO 12512 --- [main] o.s.b.a.e.mvc.EndpointHandlerMapping     : Mapped "{[/heapdump || /heapdump.json],methods=[GET],produces=[application/octet-stream]}" onto public void org.springframework.boot.actuate.endpoint.mvc.HeapdumpMvcEndpoint.invoke(boolean,javax.servlet.http.HttpServletRequest,javax.servlet.http.HttpServletResponse) throws java.io.IOException,javax.servlet.ServletException
2018-07-19 16:24:34.951  INFO 12512 --- [main] o.s.b.a.e.mvc.EndpointHandlerMapping     : Mapped "{[/metrics/{name:.*}],methods=[GET],produces=[application/vnd.spring-boot.actuator.v1+json || application/json]}" onto public java.lang.Object org.springframework.boot.actuate.endpoint.mvc.MetricsMvcEndpoint.value(java.lang.String)
2018-07-19 16:24:34.952  INFO 12512 --- [main] o.s.b.a.e.mvc.EndpointHandlerMapping     : Mapped "{[/metrics || /metrics.json],methods=[GET],produces=[application/vnd.spring-boot.actuator.v1+json || application/json]}" onto public java.lang.Object org.springframework.boot.actuate.endpoint.mvc.EndpointMvcAdapter.invoke()
2018-07-19 16:24:34.953  INFO 12512 --- [main] o.s.b.a.e.mvc.EndpointHandlerMapping     : Mapped "{[/service-registry/instance-status],methods=[POST]}" onto public org.springframework.http.ResponseEntity<?> org.springframework.cloud.client.serviceregistry.endpoint.ServiceRegistryEndpoint.setStatus(java.lang.String)
2018-07-19 16:24:34.954  INFO 12512 --- [main] o.s.b.a.e.mvc.EndpointHandlerMapping     : Mapped "{[/service-registry/instance-status],methods=[GET]}" onto public org.springframework.http.ResponseEntity org.springframework.cloud.client.serviceregistry.endpoint.ServiceRegistryEndpoint.getStatus()
2018-07-19 16:24:34.954  INFO 12512 --- [main] o.s.b.a.e.mvc.EndpointHandlerMapping     : Mapped "{[/features || /features.json],methods=[GET],produces=[application/vnd.spring-boot.actuator.v1+json || application/json]}" onto public java.lang.Object org.springframework.boot.actuate.endpoint.mvc.EndpointMvcAdapter.invoke()
2018-07-19 16:24:34.955  INFO 12512 --- [main] o.s.b.a.e.mvc.EndpointHandlerMapping     : Mapped "{[/env],methods=[POST]}" onto public java.lang.Object org.springframework.cloud.context.environment.EnvironmentManagerMvcEndpoint.value(java.util.Map<java.lang.String, java.lang.String>)
2018-07-19 16:24:34.956  INFO 12512 --- [main] o.s.b.a.e.mvc.EndpointHandlerMapping     : Mapped "{[/env/reset],methods=[POST]}" onto public java.util.Map<java.lang.String, java.lang.Object> org.springframework.cloud.context.environment.EnvironmentManagerMvcEndpoint.reset()
2018-07-19 16:24:34.957  INFO 12512 --- [main] o.s.b.a.e.mvc.EndpointHandlerMapping     : Mapped "{[/dump || /dump.json],methods=[GET],produces=[application/vnd.spring-boot.actuator.v1+json || application/json]}" onto public java.lang.Object org.springframework.boot.actuate.endpoint.mvc.EndpointMvcAdapter.invoke()
2018-07-19 16:24:34.958  INFO 12512 --- [main] o.s.b.a.e.mvc.EndpointHandlerMapping     : Mapped "{[/mappings || /mappings.json],methods=[GET],produces=[application/vnd.spring-boot.actuator.v1+json || application/json]}" onto public java.lang.Object org.springframework.boot.actuate.endpoint.mvc.EndpointMvcAdapter.invoke()
2018-07-19 16:24:34.959  INFO 12512 --- [main] o.s.b.a.e.mvc.EndpointHandlerMapping     : Mapped "{[/archaius || /archaius.json],methods=[GET],produces=[application/vnd.spring-boot.actuator.v1+json || application/json]}" onto public java.lang.Object org.springframework.boot.actuate.endpoint.mvc.EndpointMvcAdapter.invoke()
2018-07-19 16:24:34.960  INFO 12512 --- [main] o.s.b.a.e.mvc.EndpointHandlerMapping     : Mapped "{[/auditevents || /auditevents.json],methods=[GET],produces=[application/vnd.spring-boot.actuator.v1+json || application/json]}" onto public org.springframework.http.ResponseEntity<?> org.springframework.boot.actuate.endpoint.mvc.AuditEventsMvcEndpoint.findByPrincipalAndAfterAndType(java.lang.String,java.util.Date,java.lang.String)
2018-07-19 16:24:34.961  INFO 12512 --- [main] o.s.b.a.e.mvc.EndpointHandlerMapping     : Mapped "{[/pause || /pause.json],methods=[POST]}" onto public java.lang.Object org.springframework.cloud.endpoint.GenericPostableMvcEndpoint.invoke()
2018-07-19 16:24:34.962  INFO 12512 --- [main] o.s.b.a.e.mvc.EndpointHandlerMapping     : Mapped "{[/trace || /trace.json],methods=[GET],produces=[application/vnd.spring-boot.actuator.v1+json || application/json]}" onto public java.lang.Object org.springframework.boot.actuate.endpoint.mvc.EndpointMvcAdapter.invoke()
2018-07-19 16:24:34.963  INFO 12512 --- [main] o.s.b.a.e.mvc.EndpointHandlerMapping     : Mapped "{[/autoconfig || /autoconfig.json],methods=[GET],produces=[application/vnd.spring-boot.actuator.v1+json || application/json]}" onto public java.lang.Object org.springframework.boot.actuate.endpoint.mvc.EndpointMvcAdapter.invoke()
2018-07-19 16:24:34.964  INFO 12512 --- [main] o.s.b.a.e.mvc.EndpointHandlerMapping     : Mapped "{[/info || /info.json],methods=[GET],produces=[application/vnd.spring-boot.actuator.v1+json || application/json]}" onto public java.lang.Object org.springframework.boot.actuate.endpoint.mvc.EndpointMvcAdapter.invoke()
2018-07-19 16:24:34.965  INFO 12512 --- [main] o.s.b.a.e.mvc.EndpointHandlerMapping     : Mapped "{[/logfile || /logfile.json],methods=[GET || HEAD]}" onto public void org.springframework.boot.actuate.endpoint.mvc.LogFileMvcEndpoint.invoke(javax.servlet.http.HttpServletRequest,javax.servlet.http.HttpServletResponse) throws javax.servlet.ServletException,java.io.IOException
2018-07-19 16:24:34.966  INFO 12512 --- [main] o.s.b.a.e.mvc.EndpointHandlerMapping     : Mapped "{[/health || /health.json],methods=[GET],produces=[application/vnd.spring-boot.actuator.v1+json || application/json]}" onto public java.lang.Object org.springframework.boot.actuate.endpoint.mvc.HealthMvcEndpoint.invoke(javax.servlet.http.HttpServletRequest,java.security.Principal)
2018-07-19 16:24:34.967  INFO 12512 --- [main] o.s.b.a.e.mvc.EndpointHandlerMapping     : Mapped "{[/refresh || /refresh.json],methods=[POST]}" onto public java.lang.Object org.springframework.cloud.endpoint.GenericPostableMvcEndpoint.invoke()
2018-07-19 16:24:34.969  INFO 12512 --- [main] o.s.b.a.e.mvc.EndpointHandlerMapping     : Mapped "{[/resume || /resume.json],methods=[POST]}" onto public java.lang.Object org.springframework.cloud.endpoint.GenericPostableMvcEndpoint.invoke()
2018-07-19 16:24:34.971  INFO 12512 --- [main] o.s.b.a.e.mvc.EndpointHandlerMapping     : Mapped "{[/env/{name:.*}],methods=[GET],produces=[application/vnd.spring-boot.actuator.v1+json || application/json]}" onto public java.lang.Object org.springframework.boot.actuate.endpoint.mvc.EnvironmentMvcEndpoint.value(java.lang.String)
2018-07-19 16:24:34.971  INFO 12512 --- [main] o.s.b.a.e.mvc.EndpointHandlerMapping     : Mapped "{[/env || /env.json],methods=[GET],produces=[application/vnd.spring-boot.actuator.v1+json || application/json]}" onto public java.lang.Object org.springframework.boot.actuate.endpoint.mvc.EndpointMvcAdapter.invoke()
2018-07-19 16:24:34.973  INFO 12512 --- [main] o.s.b.a.e.mvc.EndpointHandlerMapping     : Mapped "{[/loggers/{name:.*}],methods=[GET],produces=[application/vnd.spring-boot.actuator.v1+json || application/json]}" onto public java.lang.Object org.springframework.boot.actuate.endpoint.mvc.LoggersMvcEndpoint.get(java.lang.String)
2018-07-19 16:24:34.974  INFO 12512 --- [main] o.s.b.a.e.mvc.EndpointHandlerMapping     : Mapped "{[/loggers/{name:.*}],methods=[POST],consumes=[application/vnd.spring-boot.actuator.v1+json || application/json],produces=[application/vnd.spring-boot.actuator.v1+json || application/json]}" onto public java.lang.Object org.springframework.boot.actuate.endpoint.mvc.LoggersMvcEndpoint.set(java.lang.String,java.util.Map<java.lang.String, java.lang.String>)
2018-07-19 16:24:34.975  INFO 12512 --- [main] o.s.b.a.e.mvc.EndpointHandlerMapping     : Mapped "{[/loggers || /loggers.json],methods=[GET],produces=[application/vnd.spring-boot.actuator.v1+json || application/json]}" onto public java.lang.Object org.springframework.boot.actuate.endpoint.mvc.EndpointMvcAdapter.invoke()
2018-07-19 16:24:34.975  INFO 12512 --- [main] o.s.b.a.e.mvc.EndpointHandlerMapping     : Mapped "{[/restart || /restart.json],methods=[POST]}" onto public java.lang.Object org.springframework.cloud.context.restart.RestartMvcEndpoint.invoke()
2018-07-19 16:24:34.976  INFO 12512 --- [main] o.s.b.a.e.mvc.EndpointHandlerMapping     : Mapped "{[/beans || /beans.json],methods=[GET],produces=[application/vnd.spring-boot.actuator.v1+json || application/json]}" onto public java.lang.Object org.springframework.boot.actuate.endpoint.mvc.EndpointMvcAdapter.invoke()
2018-07-19 16:24:34.977  INFO 12512 --- [main] o.s.b.a.e.mvc.EndpointHandlerMapping     : Mapped "{[/configprops || /configprops.json],methods=[GET],produces=[application/vnd.spring-boot.actuator.v1+json || application/json]}" onto public java.lang.Object org.springframework.boot.actuate.endpoint.mvc.EndpointMvcAdapter.invoke()
2018-07-19 16:24:35.104  WARN 12512 --- [main] c.n.c.sources.URLConfigurationSource     : No URLs will be polled as dynamic configuration sources.
2018-07-19 16:24:35.104  INFO 12512 --- [main] c.n.c.sources.URLConfigurationSource     : To enable URLs as dynamic configuration sources, define System property archaius.configurationSource.additionalUrls or make config.properties available on classpath.
2018-07-19 16:24:35.108  WARN 12512 --- [main] c.n.c.sources.URLConfigurationSource     : No URLs will be polled as dynamic configuration sources.
2018-07-19 16:24:35.108  INFO 12512 --- [main] c.n.c.sources.URLConfigurationSource     : To enable URLs as dynamic configuration sources, define System property archaius.configurationSource.additionalUrls or make config.properties available on classpath.
2018-07-19 16:24:35.193  INFO 12512 --- [main] o.s.j.e.a.AnnotationMBeanExporter        : Registering beans for JMX exposure on startup
2018-07-19 16:24:35.205  INFO 12512 --- [main] o.s.j.e.a.AnnotationMBeanExporter        : Bean with name 'environmentManager' has been autodetected for JMX exposure
2018-07-19 16:24:35.207  INFO 12512 --- [main] o.s.j.e.a.AnnotationMBeanExporter        : Bean with name 'configurationPropertiesRebinder' has been autodetected for JMX exposure
2018-07-19 16:24:35.208  INFO 12512 --- [main] o.s.j.e.a.AnnotationMBeanExporter        : Bean with name 'refreshEndpoint' has been autodetected for JMX exposure
2018-07-19 16:24:35.208  INFO 12512 --- [main] o.s.j.e.a.AnnotationMBeanExporter        : Bean with name 'restartEndpoint' has been autodetected for JMX exposure
2018-07-19 16:24:35.210  INFO 12512 --- [main] o.s.j.e.a.AnnotationMBeanExporter        : Bean with name 'serviceRegistryEndpoint' has been autodetected for JMX exposure
2018-07-19 16:24:35.212  INFO 12512 --- [main] o.s.j.e.a.AnnotationMBeanExporter        : Bean with name 'refreshScope' has been autodetected for JMX exposure
2018-07-19 16:24:35.214  INFO 12512 --- [main] o.s.j.e.a.AnnotationMBeanExporter        : Located managed bean 'environmentManager': registering with JMX server as MBean [org.springframework.cloud.context.environment:name=environmentManager,type=EnvironmentManager]
2018-07-19 16:24:35.232  INFO 12512 --- [main] o.s.j.e.a.AnnotationMBeanExporter        : Located managed bean 'restartEndpoint': registering with JMX server as MBean [org.springframework.cloud.context.restart:name=restartEndpoint,type=RestartEndpoint]
2018-07-19 16:24:35.247  INFO 12512 --- [main] o.s.j.e.a.AnnotationMBeanExporter        : Located managed bean 'serviceRegistryEndpoint': registering with JMX server as MBean [org.springframework.cloud.client.serviceregistry.endpoint:name=serviceRegistryEndpoint,type=ServiceRegistryEndpoint]
2018-07-19 16:24:35.257  INFO 12512 --- [main] o.s.j.e.a.AnnotationMBeanExporter        : Located managed bean 'refreshScope': registering with JMX server as MBean [org.springframework.cloud.context.scope.refresh:name=refreshScope,type=RefreshScope]
2018-07-19 16:24:35.270  INFO 12512 --- [main] o.s.j.e.a.AnnotationMBeanExporter        : Located managed bean 'configurationPropertiesRebinder': registering with JMX server as MBean [org.springframework.cloud.context.properties:name=configurationPropertiesRebinder,context=1115ec15,type=ConfigurationPropertiesRebinder]
2018-07-19 16:24:35.276  INFO 12512 --- [main] o.s.j.e.a.AnnotationMBeanExporter        : Located managed bean 'refreshEndpoint': registering with JMX server as MBean [org.springframework.cloud.endpoint:name=refreshEndpoint,type=RefreshEndpoint]
2018-07-19 16:24:35.508  INFO 12512 --- [main] o.s.c.support.DefaultLifecycleProcessor  : Starting beans in phase 0
2018-07-19 16:24:35.516  INFO 12512 --- [main] o.s.c.n.eureka.InstanceInfoFactory       : Setting initial instance status as: STARTING
2018-07-19 16:24:35.555  INFO 12512 --- [main] com.netflix.discovery.DiscoveryClient    : Initializing Eureka in region us-east-1
2018-07-19 16:24:36.018  INFO 12512 --- [main] c.n.d.provider.DiscoveryJerseyProvider   : Using JSON encoding codec LegacyJacksonJson
2018-07-19 16:24:36.018  INFO 12512 --- [main] c.n.d.provider.DiscoveryJerseyProvider   : Using JSON decoding codec LegacyJacksonJson
2018-07-19 16:24:36.107  INFO 12512 --- [main] c.n.d.provider.DiscoveryJerseyProvider   : Using XML encoding codec XStreamXml
2018-07-19 16:24:36.107  INFO 12512 --- [main] c.n.d.provider.DiscoveryJerseyProvider   : Using XML decoding codec XStreamXml
2018-07-19 16:24:36.448  INFO 12512 --- [main] c.n.d.s.r.aws.ConfigClusterResolver      : Resolving eureka endpoints via configuration
2018-07-19 16:24:36.749  INFO 12512 --- [main] com.netflix.discovery.DiscoveryClient    : Disable delta property : false
2018-07-19 16:24:36.749  INFO 12512 --- [main] com.netflix.discovery.DiscoveryClient    : Single vip registry refresh property : null
2018-07-19 16:24:36.749  INFO 12512 --- [main] com.netflix.discovery.DiscoveryClient    : Force full registry fetch : false
2018-07-19 16:24:36.749  INFO 12512 --- [main] com.netflix.discovery.DiscoveryClient    : Application is null : false
2018-07-19 16:24:36.749  INFO 12512 --- [main] com.netflix.discovery.DiscoveryClient    : Registered Applications size is zero : true
2018-07-19 16:24:36.750  INFO 12512 --- [main] com.netflix.discovery.DiscoveryClient    : Application version is -1: true
2018-07-19 16:24:36.750  INFO 12512 --- [main] com.netflix.discovery.DiscoveryClient    : Getting all instance registry info from the eureka server
2018-07-19 16:24:36.911  INFO 12512 --- [main] com.netflix.discovery.DiscoveryClient    : The response status is 200
2018-07-19 16:24:36.913  INFO 12512 --- [main] com.netflix.discovery.DiscoveryClient    : Starting heartbeat executor: renew interval is: 30
2018-07-19 16:24:36.915  INFO 12512 --- [main] c.n.discovery.InstanceInfoReplicator     : InstanceInfoReplicator onDemand update allowed rate per min is 4
2018-07-19 16:24:36.918  INFO 12512 --- [main] com.netflix.discovery.DiscoveryClient    : Discovery Client initialized at timestamp 1531988676918 with initial instances count: 2
2018-07-19 16:24:36.939  INFO 12512 --- [main] o.s.c.n.e.s.EurekaServiceRegistry        : Registering application eureka-consumer with eureka with status UP
2018-07-19 16:24:36.940  INFO 12512 --- [main] com.netflix.discovery.DiscoveryClient    : Saw local status change event StatusChangeEvent [timestamp=1531988676940, current=UP, previous=STARTING]
2018-07-19 16:24:36.942  INFO 12512 --- [DiscoveryClient-InstanceInfoReplicator-0] com.netflix.discovery.DiscoveryClient    : DiscoveryClient_EUREKA-CONSUMER/localhost:eureka-consumer:2101: registering service...
2018-07-19 16:24:37.002  INFO 12512 --- [DiscoveryClient-InstanceInfoReplicator-0] com.netflix.discovery.DiscoveryClient    : DiscoveryClient_EUREKA-CONSUMER/localhost:eureka-consumer:2101 - registration status: 204
2018-07-19 16:24:37.104  INFO 12512 --- [main] s.b.c.e.t.TomcatEmbeddedServletContainer : Tomcat started on port(s): 2101 (http)
2018-07-19 16:24:37.105  INFO 12512 --- [main] .s.c.n.e.s.EurekaAutoServiceRegistration : Updating port to 2101
2018-07-19 16:24:37.110  INFO 12512 --- [main] c.lance.eurekaConsumer.DemoApplication   : Started DemoApplication in 12.486 seconds (JVM running for 13.301)
2018-07-19 16:24:52.911  INFO 12512 --- [http-nio-2101-exec-1] o.a.c.c.C.[Tomcat].[localhost].[/]       : Initializing Spring FrameworkServlet 'dispatcherServlet'
2018-07-19 16:24:52.911  INFO 12512 --- [http-nio-2101-exec-1] o.s.web.servlet.DispatcherServlet        : FrameworkServlet 'dispatcherServlet': initialization started
2018-07-19 16:24:52.931  INFO 12512 --- [http-nio-2101-exec-1] o.s.web.servlet.DispatcherServlet        : FrameworkServlet 'dispatcherServlet': initialization completed in 20 ms
2018-07-19 16:24:52.968  INFO 12512 --- [http-nio-2101-exec-1] s.c.a.AnnotationConfigApplicationContext : Refreshing org.springframework.context.annotation.AnnotationConfigApplicationContext@36bae86d: startup date [Thu Jul 19 16:24:52 CST 2018]; parent: org.springframework.boot.context.embedded.AnnotationConfigEmbeddedWebApplicationContext@1115ec15
2018-07-19 16:24:53.015  INFO 12512 --- [http-nio-2101-exec-1] f.a.AutowiredAnnotationBeanPostProcessor : JSR-330 'javax.inject.Inject' annotation found and supported for autowiring
2018-07-19 16:24:53.183  INFO 12512 --- [http-nio-2101-exec-1] c.netflix.config.ChainedDynamicProperty  : Flipping property: eureka-client-2001.ribbon.ActiveConnectionsLimit to use NEXT property: niws.loadbalancer.availabilityFilteringRule.activeConnectionsLimit = 2147483647
2018-07-19 16:24:53.203  INFO 12512 --- [http-nio-2101-exec-1] c.n.u.concurrent.ShutdownEnabledTimer    : Shutdown hook installed for: NFLoadBalancer-PingTimer-eureka-client-2001
2018-07-19 16:24:53.226  INFO 12512 --- [http-nio-2101-exec-1] c.netflix.loadbalancer.BaseLoadBalancer  : Client: eureka-client-2001 instantiated a LoadBalancer: DynamicServerListLoadBalancer:{NFLoadBalancer:name=eureka-client-2001,current list of Servers=[],Load balancer stats=Zone stats: {},Server stats: []}ServerList:null
2018-07-19 16:24:53.233  INFO 12512 --- [http-nio-2101-exec-1] c.n.l.DynamicServerListLoadBalancer      : Using serverListUpdater PollingServerListUpdater
2018-07-19 16:24:53.258  INFO 12512 --- [http-nio-2101-exec-1] c.netflix.config.ChainedDynamicProperty  : Flipping property: eureka-client-2001.ribbon.ActiveConnectionsLimit to use NEXT property: niws.loadbalancer.availabilityFilteringRule.activeConnectionsLimit = 2147483647
2018-07-19 16:24:53.260  INFO 12512 --- [http-nio-2101-exec-1] c.n.l.DynamicServerListLoadBalancer      : DynamicServerListLoadBalancer for client eureka-client-2001 initialized: DynamicServerListLoadBalancer:{NFLoadBalancer:name=eureka-client-2001,current list of Servers=[localhost:2001],Load balancer stats=Zone stats: {defaultzone=[Zone:defaultzone;	Instance count:1;	Active connections count: 0;	Circuit breaker tripped count: 0;	Active connections per server: 0.0;]
},Server stats: [[Server:localhost:2001;	Zone:defaultZone;	Total Requests:0;	Successive connection failure:0;	Total blackout seconds:0;	Last connection made:Thu Jan 01 08:00:00 CST 1970;	First connection made: Thu Jan 01 08:00:00 CST 1970;	Active Connections:0;	total failure count in last (1000) msecs:0;	average resp time:0.0;	90 percentile resp time:0.0;	95 percentile resp time:0.0;	min resp time:0.0;	max resp time:0.0;	stddev resp time:0.0]
]}ServerList:org.springframework.cloud.netflix.ribbon.eureka.DomainExtractingServerList@2430bfe5
2018-07-19 16:24:54.238  INFO 12512 --- [PollingServerListUpdater-0] c.netflix.config.ChainedDynamicProperty  : Flipping property: eureka-client-2001.ribbon.ActiveConnectionsLimit to use NEXT property: niws.loadbalancer.availabilityFilteringRule.activeConnectionsLimit = 2147483647
